# JRE version: OpenJDK Runtime Environment (8.0_76-b03) (build 1.8.0_76-release-b03)
# Java VM: OpenJDK 64-Bit Server VM (25.76-b03 mixed mode windows-amd64 compressed oops)
Heap:
 PSYoungGen      total 310272K, used 58498K [0x00000000e0000000, 0x00000000f6c00000, 0x0000000100000000)
  eden space 254976K, 22% used [0x00000000e0000000,0x00000000e3920988,0x00000000ef900000)
  from space 55296K, 0% used [0x00000000ef900000,0x00000000ef900000,0x00000000f2f00000)
  to   space 47104K, 0% used [0x00000000f2f00000,0x00000000f2f00000,0x00000000f5d00000)
 ParOldGen       total 188928K, used 156173K [0x00000000a0000000, 0x00000000ab880000, 0x00000000e0000000)
  object space 188928K, 82% used [0x00000000a0000000,0x00000000a9883498,0x00000000ab880000)
 Metaspace       used 70124K, capacity 72056K, committed 72448K, reserved 1112064K
  class space    used 8657K, capacity 9083K, committed 9216K, reserved 1048576K
GC Heap History (10 events):
Event: 437.199 GC heap before
{Heap before GC invocations=36 (full 5):
 PSYoungGen      total 225280K, used 225250K [0x00000000e0000000, 0x00000000f0980000, 0x0000000100000000)
  eden space 204288K, 100% used [0x00000000e0000000,0x00000000ec780000,0x00000000ec780000)
  from space 20992K, 99% used [0x00000000ee480000,0x00000000ef8f8ab0,0x00000000ef900000)
  to   space 29696K, 0% used [0x00000000ec780000,0x00000000ec780000,0x00000000ee480000)
 ParOldGen       total 104448K, used 83213K [0x00000000a0000000, 0x00000000a6600000, 0x00000000e0000000)
  object space 104448K, 79% used [0x00000000a0000000,0x00000000a5143700,0x00000000a6600000)
 Metaspace       used 69979K, capacity 71960K, committed 72192K, reserved 1112064K
  class space    used 8659K, capacity 9091K, committed 9216K, reserved 1048576K
Event: 437.373 GC heap after
Heap after GC invocations=36 (full 5):
 PSYoungGen      total 233984K, used 29674K [0x00000000e0000000, 0x00000000f5d00000, 0x0000000100000000)
  eden space 204288K, 0% used [0x00000000e0000000,0x00000000e0000000,0x00000000ec780000)
  from space 29696K, 99% used [0x00000000ec780000,0x00000000ee47aa40,0x00000000ee480000)
  to   space 47104K, 0% used [0x00000000f2f00000,0x00000000f2f00000,0x00000000f5d00000)
 ParOldGen       total 118272K, used 118159K [0x00000000a0000000, 0x00000000a7380000, 0x00000000e0000000)
  object space 118272K, 99% used [0x00000000a0000000,0x00000000a7363c48,0x00000000a7380000)
 Metaspace       used 69979K, capacity 71960K, committed 72192K, reserved 1112064K
  class space    used 8659K, capacity 9091K, committed 9216K, reserved 1048576K
}
Event: 437.373 GC heap before
{Heap before GC invocations=37 (full 6):
 PSYoungGen      total 233984K, used 29674K [0x00000000e0000000, 0x00000000f5d00000, 0x0000000100000000)
  eden space 204288K, 0% used [0x00000000e0000000,0x00000000e0000000,0x00000000ec780000)
  from space 29696K, 99% used [0x00000000ec780000,0x00000000ee47aa40,0x00000000ee480000)
  to   space 47104K, 0% used [0x00000000f2f00000,0x00000000f2f00000,0x00000000f5d00000)
 ParOldGen       total 118272K, used 118159K [0x00000000a0000000, 0x00000000a7380000, 0x00000000e0000000)
  object space 118272K, 99% used [0x00000000a0000000,0x00000000a7363c48,0x00000000a7380000)
 Metaspace       used 69979K, capacity 71960K, committed 72192K, reserved 1112064K
  class space    used 8659K, capacity 9091K, committed 9216K, reserved 1048576K
Event: 438.991 GC heap after
Heap after GC invocations=37 (full 6):
 PSYoungGen      total 233984K, used 15238K [0x00000000e0000000, 0x00000000f5d00000, 0x0000000100000000)
  eden space 204288K, 0% used [0x00000000e0000000,0x00000000e0000000,0x00000000ec780000)
  from space 29696K, 51% used [0x00000000ec780000,0x00000000ed661ab0,0x00000000ee480000)
  to   space 47104K, 0% used [0x00000000f2f00000,0x00000000f2f00000,0x00000000f5d00000)
 ParOldGen       total 188928K, used 118146K [0x00000000a0000000, 0x00000000ab880000, 0x00000000e0000000)
  object space 188928K, 62% used [0x00000000a0000000,0x00000000a7360bf0,0x00000000ab880000)
 Metaspace       used 69967K, capacity 71928K, committed 72192K, reserved 1112064K
  class space    used 8655K, capacity 9083K, committed 9216K, reserved 1048576K
}
Event: 439.632 GC heap before
{Heap before GC invocations=38 (full 6):
 PSYoungGen      total 233984K, used 219526K [0x00000000e0000000, 0x00000000f5d00000, 0x0000000100000000)
  eden space 204288K, 100% used [0x00000000e0000000,0x00000000ec780000,0x00000000ec780000)
  from space 29696K, 51% used [0x00000000ec780000,0x00000000ed661ab0,0x00000000ee480000)
  to   space 47104K, 0% used [0x00000000f2f00000,0x00000000f2f00000,0x00000000f5d00000)
 ParOldGen       total 188928K, used 118146K [0x00000000a0000000, 0x00000000ab880000, 0x00000000e0000000)
  object space 188928K, 62% used [0x00000000a0000000,0x00000000a7360bf0,0x00000000ab880000)
 Metaspace       used 69984K, capacity 71928K, committed 72192K, reserved 1112064K
  class space    used 8655K, capacity 9083K, committed 9216K, reserved 1048576K
Event: 439.730 GC heap after
Heap after GC invocations=38 (full 6):
 PSYoungGen      total 302080K, used 46800K [0x00000000e0000000, 0x00000000f6c00000, 0x0000000100000000)
  eden space 254976K, 0% used [0x00000000e0000000,0x00000000e0000000,0x00000000ef900000)
  from space 47104K, 99% used [0x00000000f2f00000,0x00000000f5cb4158,0x00000000f5d00000)
  to   space 55296K, 0% used [0x00000000ef900000,0x00000000ef900000,0x00000000f2f00000)
 ParOldGen       total 188928K, used 131166K [0x00000000a0000000, 0x00000000ab880000, 0x00000000e0000000)
  object space 188928K, 69% used [0x00000000a0000000,0x00000000a80179d0,0x00000000ab880000)
 Metaspace       used 69984K, capacity 71928K, committed 72192K, reserved 1112064K
  class space    used 8655K, capacity 9083K, committed 9216K, reserved 1048576K
}
Event: 440.906 GC heap before
{Heap before GC invocations=39 (full 6):
 PSYoungGen      total 302080K, used 301776K [0x00000000e0000000, 0x00000000f6c00000, 0x0000000100000000)
  eden space 254976K, 100% used [0x00000000e0000000,0x00000000ef900000,0x00000000ef900000)
  from space 47104K, 99% used [0x00000000f2f00000,0x00000000f5cb4158,0x00000000f5d00000)
  to   space 55296K, 0% used [0x00000000ef900000,0x00000000ef900000,0x00000000f2f00000)
 ParOldGen       total 188928K, used 131166K [0x00000000a0000000, 0x00000000ab880000, 0x00000000e0000000)
  object space 188928K, 69% used [0x00000000a0000000,0x00000000a80179d0,0x00000000ab880000)
 Metaspace       used 70055K, capacity 71992K, committed 72192K, reserved 1112064K
  class space    used 8657K, capacity 9083K, committed 9216K, reserved 1048576K
Event: 441.007 GC heap after
Heap after GC invocations=39 (full 6):
 PSYoungGen      total 310272K, used 37695K [0x00000000e0000000, 0x00000000f6c00000, 0x0000000100000000)
  eden space 254976K, 0% used [0x00000000e0000000,0x00000000e0000000,0x00000000ef900000)
  from space 55296K, 68% used [0x00000000ef900000,0x00000000f1dcfe90,0x00000000f2f00000)
  to   space 47104K, 0% used [0x00000000f2f00000,0x00000000f2f00000,0x00000000f5d00000)
 ParOldGen       total 188928K, used 163796K [0x00000000a0000000, 0x00000000ab880000, 0x00000000e0000000)
  object space 188928K, 86% used [0x00000000a0000000,0x00000000a9ff5218,0x00000000ab880000)
 Metaspace       used 70055K, capacity 71992K, committed 72192K, reserved 1112064K
  class space    used 8657K, capacity 9083K, committed 9216K, reserved 1048576K
}
Event: 441.007 GC heap before
{Heap before GC invocations=40 (full 7):
 PSYoungGen      total 310272K, used 37695K [0x00000000e0000000, 0x00000000f6c00000, 0x0000000100000000)
  eden space 254976K, 0% used [0x00000000e0000000,0x00000000e0000000,0x00000000ef900000)
  from space 55296K, 68% used [0x00000000ef900000,0x00000000f1dcfe90,0x00000000f2f00000)
  to   space 47104K, 0% used [0x00000000f2f00000,0x00000000f2f00000,0x00000000f5d00000)
 ParOldGen       total 188928K, used 163796K [0x00000000a0000000, 0x00000000ab880000, 0x00000000e0000000)
  object space 188928K, 86% used [0x00000000a0000000,0x00000000a9ff5218,0x00000000ab880000)
 Metaspace       used 70055K, capacity 71992K, committed 72192K, reserved 1112064K
  class space    used 8657K, capacity 9083K, committed 9216K, reserved 1048576K
Event: 441.838 GC heap after
Heap after GC invocations=40 (full 7):
 PSYoungGen      total 310272K, used 0K [0x00000000e0000000, 0x00000000f6c00000, 0x0000000100000000)
  eden space 254976K, 0% used [0x00000000e0000000,0x00000000e0000000,0x00000000ef900000)
  from space 55296K, 0% used [0x00000000ef900000,0x00000000ef900000,0x00000000f2f00000)
  to   space 47104K, 0% used [0x00000000f2f00000,0x00000000f2f00000,0x00000000f5d00000)
 ParOldGen       total 188928K, used 156173K [0x00000000a0000000, 0x00000000ab880000, 0x00000000e0000000)
  object space 188928K, 82% used [0x00000000a0000000,0x00000000a9883498,0x00000000ab880000)
 Metaspace       used 70055K, capacity 71992K, committed 72192K, reserved 1112064K
  class space    used 8657K, capacity 9083K, committed 9216K, reserved 1048576K
}

