# JRE version: OpenJDK Runtime Environment (8.0_76-b03) (build 1.8.0_76-release-b03)
# Java VM: OpenJDK 64-Bit Server VM (25.76-b03 mixed mode windows-amd64 compressed oops)
Heap:
 PSYoungGen      total 332800K, used 91660K [0x00000000e0000000, 0x00000000feb00000, 0x0000000100000000)
  eden space 277504K, 33% used [0x00000000e0000000,0x00000000e59832e0,0x00000000f0f00000)
  from space 55296K, 0% used [0x00000000f0f00000,0x00000000f0f00000,0x00000000f4500000)
  to   space 74752K, 0% used [0x00000000fa200000,0x00000000fa200000,0x00000000feb00000)
 ParOldGen       total 182784K, used 96592K [0x00000000a0000000, 0x00000000ab280000, 0x00000000e0000000)
  object space 182784K, 52% used [0x00000000a0000000,0x00000000a5e541b8,0x00000000ab280000)
 Metaspace       used 66966K, capacity 68660K, committed 68864K, reserved 1110016K
  class space    used 8449K, capacity 8847K, committed 8960K, reserved 1048576K
GC Heap History (10 events):
Event: 79.510 GC heap before
{Heap before GC invocations=26 (full 3):
 PSYoungGen      total 244736K, used 234837K [0x00000000e0000000, 0x00000000f1380000, 0x0000000100000000)
  eden space 212992K, 100% used [0x00000000e0000000,0x00000000ed000000,0x00000000ed000000)
  from space 31744K, 68% used [0x00000000ef000000,0x00000000f0555440,0x00000000f0f00000)
  to   space 32768K, 0% used [0x00000000ed000000,0x00000000ed000000,0x00000000ef000000)
 ParOldGen       total 92672K, used 38166K [0x00000000a0000000, 0x00000000a5a80000, 0x00000000e0000000)
  object space 92672K, 41% used [0x00000000a0000000,0x00000000a2545a68,0x00000000a5a80000)
 Metaspace       used 66598K, capacity 68340K, committed 68608K, reserved 1110016K
  class space    used 8445K, capacity 8847K, committed 8960K, reserved 1048576K
Event: 79.598 GC heap after
Heap after GC invocations=26 (full 3):
 PSYoungGen      total 245760K, used 32765K [0x00000000e0000000, 0x00000000f6d00000, 0x0000000100000000)
  eden space 212992K, 0% used [0x00000000e0000000,0x00000000e0000000,0x00000000ed000000)
  from space 32768K, 99% used [0x00000000ed000000,0x00000000eefff640,0x00000000ef000000)
  to   space 40960K, 0% used [0x00000000f4500000,0x00000000f4500000,0x00000000f6d00000)
 ParOldGen       total 92672K, used 46094K [0x00000000a0000000, 0x00000000a5a80000, 0x00000000e0000000)
  object space 92672K, 49% used [0x00000000a0000000,0x00000000a2d03b10,0x00000000a5a80000)
 Metaspace       used 66598K, capacity 68340K, committed 68608K, reserved 1110016K
  class space    used 8445K, capacity 8847K, committed 8960K, reserved 1048576K
}
Event: 81.339 GC heap before
{Heap before GC invocations=27 (full 3):
 PSYoungGen      total 245760K, used 245757K [0x00000000e0000000, 0x00000000f6d00000, 0x0000000100000000)
  eden space 212992K, 100% used [0x00000000e0000000,0x00000000ed000000,0x00000000ed000000)
  from space 32768K, 99% used [0x00000000ed000000,0x00000000eefff640,0x00000000ef000000)
  to   space 40960K, 0% used [0x00000000f4500000,0x00000000f4500000,0x00000000f6d00000)
 ParOldGen       total 92672K, used 46094K [0x00000000a0000000, 0x00000000a5a80000, 0x00000000e0000000)
  object space 92672K, 49% used [0x00000000a0000000,0x00000000a2d03b10,0x00000000a5a80000)
 Metaspace       used 66835K, capacity 68596K, committed 68864K, reserved 1110016K
  class space    used 8446K, capacity 8847K, committed 8960K, reserved 1048576K
Event: 81.475 GC heap after
Heap after GC invocations=27 (full 3):
 PSYoungGen      total 318464K, used 40947K [0x00000000e0000000, 0x00000000f8800000, 0x0000000100000000)
  eden space 277504K, 0% used [0x00000000e0000000,0x00000000e0000000,0x00000000f0f00000)
  from space 40960K, 99% used [0x00000000f4500000,0x00000000f6cfcc00,0x00000000f6d00000)
  to   space 55296K, 0% used [0x00000000f0f00000,0x00000000f0f00000,0x00000000f4500000)
 ParOldGen       total 92672K, used 68606K [0x00000000a0000000, 0x00000000a5a80000, 0x00000000e0000000)
  object space 92672K, 74% used [0x00000000a0000000,0x00000000a42ff8a0,0x00000000a5a80000)
 Metaspace       used 66835K, capacity 68596K, committed 68864K, reserved 1110016K
  class space    used 8446K, capacity 8847K, committed 8960K, reserved 1048576K
}
Event: 83.015 GC heap before
{Heap before GC invocations=28 (full 3):
 PSYoungGen      total 318464K, used 318451K [0x00000000e0000000, 0x00000000f8800000, 0x0000000100000000)
  eden space 277504K, 100% used [0x00000000e0000000,0x00000000f0f00000,0x00000000f0f00000)
  from space 40960K, 99% used [0x00000000f4500000,0x00000000f6cfcc00,0x00000000f6d00000)
  to   space 55296K, 0% used [0x00000000f0f00000,0x00000000f0f00000,0x00000000f4500000)
 ParOldGen       total 92672K, used 68606K [0x00000000a0000000, 0x00000000a5a80000, 0x00000000e0000000)
  object space 92672K, 74% used [0x00000000a0000000,0x00000000a42ff8a0,0x00000000a5a80000)
 Metaspace       used 66911K, capacity 68596K, committed 68864K, reserved 1110016K
  class space    used 8447K, capacity 8847K, committed 8960K, reserved 1048576K
Event: 83.173 GC heap after
Heap after GC invocations=28 (full 3):
 PSYoungGen      total 332800K, used 55274K [0x00000000e0000000, 0x00000000feb00000, 0x0000000100000000)
  eden space 277504K, 0% used [0x00000000e0000000,0x00000000e0000000,0x00000000f0f00000)
  from space 55296K, 99% used [0x00000000f0f00000,0x00000000f44fabc0,0x00000000f4500000)
  to   space 74752K, 0% used [0x00000000fa200000,0x00000000fa200000,0x00000000feb00000)
 ParOldGen       total 96768K, used 96510K [0x00000000a0000000, 0x00000000a5e80000, 0x00000000e0000000)
  object space 96768K, 99% used [0x00000000a0000000,0x00000000a5e3fba8,0x00000000a5e80000)
 Metaspace       used 66911K, capacity 68596K, committed 68864K, reserved 1110016K
  class space    used 8447K, capacity 8847K, committed 8960K, reserved 1048576K
}
Event: 83.234 GC heap before
{Heap before GC invocations=29 (full 4):
 PSYoungGen      total 332800K, used 55274K [0x00000000e0000000, 0x00000000feb00000, 0x0000000100000000)
  eden space 277504K, 0% used [0x00000000e0000000,0x00000000e0000000,0x00000000f0f00000)
  from space 55296K, 99% used [0x00000000f0f00000,0x00000000f44fabc0,0x00000000f4500000)
  to   space 74752K, 0% used [0x00000000fa200000,0x00000000fa200000,0x00000000feb00000)
 ParOldGen       total 96768K, used 96510K [0x00000000a0000000, 0x00000000a5e80000, 0x00000000e0000000)
  object space 96768K, 99% used [0x00000000a0000000,0x00000000a5e3fba8,0x00000000a5e80000)
 Metaspace       used 66911K, capacity 68596K, committed 68864K, reserved 1110016K
  class space    used 8447K, capacity 8847K, committed 8960K, reserved 1048576K
Event: 84.202 GC heap after
Heap after GC invocations=29 (full 4):
 PSYoungGen      total 332800K, used 25997K [0x00000000e0000000, 0x00000000feb00000, 0x0000000100000000)
  eden space 277504K, 0% used [0x00000000e0000000,0x00000000e0000000,0x00000000f0f00000)
  from space 55296K, 47% used [0x00000000f0f00000,0x00000000f28635b0,0x00000000f4500000)
  to   space 74752K, 0% used [0x00000000fa200000,0x00000000fa200000,0x00000000feb00000)
 ParOldGen       total 96768K, used 96320K [0x00000000a0000000, 0x00000000a5e80000, 0x00000000e0000000)
  object space 96768K, 99% used [0x00000000a0000000,0x00000000a5e103f8,0x00000000a5e80000)
 Metaspace       used 66911K, capacity 68596K, committed 68864K, reserved 1110016K
  class space    used 8447K, capacity 8847K, committed 8960K, reserved 1048576K
}
Event: 85.390 GC heap before
{Heap before GC invocations=30 (full 5):
 PSYoungGen      total 332800K, used 303501K [0x00000000e0000000, 0x00000000feb00000, 0x0000000100000000)
  eden space 277504K, 100% used [0x00000000e0000000,0x00000000f0f00000,0x00000000f0f00000)
  from space 55296K, 47% used [0x00000000f0f00000,0x00000000f28635b0,0x00000000f4500000)
  to   space 74752K, 0% used [0x00000000fa200000,0x00000000fa200000,0x00000000feb00000)
 ParOldGen       total 96768K, used 96320K [0x00000000a0000000, 0x00000000a5e80000, 0x00000000e0000000)
  object space 96768K, 99% used [0x00000000a0000000,0x00000000a5e103f8,0x00000000a5e80000)
 Metaspace       used 66952K, capacity 68660K, committed 68864K, reserved 1110016K
  class space    used 8449K, capacity 8847K, committed 8960K, reserved 1048576K
Event: 86.183 GC heap after
Heap after GC invocations=30 (full 5):
 PSYoungGen      total 332800K, used 56564K [0x00000000e0000000, 0x00000000feb00000, 0x0000000100000000)
  eden space 277504K, 20% used [0x00000000e0000000,0x00000000e373d0d8,0x00000000f0f00000)
  from space 55296K, 0% used [0x00000000f0f00000,0x00000000f0f00000,0x00000000f4500000)
  to   space 74752K, 0% used [0x00000000fa200000,0x00000000fa200000,0x00000000feb00000)
 ParOldGen       total 182784K, used 96592K [0x00000000a0000000, 0x00000000ab280000, 0x00000000e0000000)
  object space 182784K, 52% used [0x00000000a0000000,0x00000000a5e541b8,0x00000000ab280000)
 Metaspace       used 66952K, capacity 68660K, committed 68864K, reserved 1110016K
  class space    used 8449K, capacity 8847K, committed 8960K, reserved 1048576K
}

