# JRE version: OpenJDK Runtime Environment (8.0_76-b03) (build 1.8.0_76-release-b03)
# Java VM: OpenJDK 64-Bit Server VM (25.76-b03 mixed mode windows-amd64 compressed oops)
Heap:
 PSYoungGen      total 456192K, used 220835K [0x00000000e0000000, 0x00000000fff80000, 0x0000000100000000)
  eden space 387584K, 48% used [0x00000000e0000000,0x00000000eb7664e8,0x00000000f7a80000)
  from space 68608K, 48% used [0x00000000fbc80000,0x00000000fdcc2810,0x00000000fff80000)
  to   space 67584K, 0% used [0x00000000f7a80000,0x00000000f7a80000,0x00000000fbc80000)
 ParOldGen       total 225792K, used 146824K [0x00000000a0000000, 0x00000000adc80000, 0x00000000e0000000)
  object space 225792K, 65% used [0x00000000a0000000,0x00000000a8f62240,0x00000000adc80000)
 Metaspace       used 76735K, capacity 79946K, committed 80768K, reserved 1120256K
  class space    used 9676K, capacity 10380K, committed 10624K, reserved 1048576K
GC Heap History (10 events):
Event: 3132.631 GC heap before
{Heap before GC invocations=49 (full 9):
 PSYoungGen      total 311296K, used 266752K [0x00000000e0000000, 0x00000000fc180000, 0x0000000100000000)
  eden space 266752K, 100% used [0x00000000e0000000,0x00000000f0480000,0x00000000f0480000)
  from space 44544K, 0% used [0x00000000f0480000,0x00000000f0480000,0x00000000f3000000)
  to   space 65024K, 0% used [0x00000000f8200000,0x00000000f8200000,0x00000000fc180000)
 ParOldGen       total 216064K, used 145802K [0x00000000a0000000, 0x00000000ad300000, 0x00000000e0000000)
  object space 216064K, 67% used [0x00000000a0000000,0x00000000a8e62820,0x00000000ad300000)
 Metaspace       used 76599K, capacity 79754K, committed 80768K, reserved 1120256K
  class space    used 9675K, capacity 10380K, committed 10624K, reserved 1048576K
Event: 3132.708 GC heap after
Heap after GC invocations=49 (full 9):
 PSYoungGen      total 351232K, used 41202K [0x00000000e0000000, 0x00000000faf00000, 0x0000000100000000)
  eden space 305152K, 0% used [0x00000000e0000000,0x00000000e0000000,0x00000000f2a00000)
  from space 46080K, 89% used [0x00000000f8200000,0x00000000faa3c810,0x00000000faf00000)
  to   space 68096K, 0% used [0x00000000f2a00000,0x00000000f2a00000,0x00000000f6c80000)
 ParOldGen       total 216064K, used 145802K [0x00000000a0000000, 0x00000000ad300000, 0x00000000e0000000)
  object space 216064K, 67% used [0x00000000a0000000,0x00000000a8e62820,0x00000000ad300000)
 Metaspace       used 76599K, capacity 79754K, committed 80768K, reserved 1120256K
  class space    used 9675K, capacity 10380K, committed 10624K, reserved 1048576K
}
Event: 3135.788 GC heap before
{Heap before GC invocations=50 (full 9):
 PSYoungGen      total 351232K, used 346354K [0x00000000e0000000, 0x00000000faf00000, 0x0000000100000000)
  eden space 305152K, 100% used [0x00000000e0000000,0x00000000f2a00000,0x00000000f2a00000)
  from space 46080K, 89% used [0x00000000f8200000,0x00000000faa3c810,0x00000000faf00000)
  to   space 68096K, 0% used [0x00000000f2a00000,0x00000000f2a00000,0x00000000f6c80000)
 ParOldGen       total 216064K, used 145802K [0x00000000a0000000, 0x00000000ad300000, 0x00000000e0000000)
  object space 216064K, 67% used [0x00000000a0000000,0x00000000a8e62820,0x00000000ad300000)
 Metaspace       used 76682K, capacity 79818K, committed 80768K, reserved 1120256K
  class space    used 9676K, capacity 10380K, committed 10624K, reserved 1048576K
Event: 3135.851 GC heap after
Heap after GC invocations=50 (full 9):
 PSYoungGen      total 373248K, used 15625K [0x00000000e0000000, 0x00000000fd000000, 0x0000000100000000)
  eden space 305152K, 0% used [0x00000000e0000000,0x00000000e0000000,0x00000000f2a00000)
  from space 68096K, 22% used [0x00000000f2a00000,0x00000000f3942588,0x00000000f6c80000)
  to   space 65024K, 0% used [0x00000000f9080000,0x00000000f9080000,0x00000000fd000000)
 ParOldGen       total 216064K, used 167682K [0x00000000a0000000, 0x00000000ad300000, 0x00000000e0000000)
  object space 216064K, 77% used [0x00000000a0000000,0x00000000aa3c0b08,0x00000000ad300000)
 Metaspace       used 76682K, capacity 79818K, committed 80768K, reserved 1120256K
  class space    used 9676K, capacity 10380K, committed 10624K, reserved 1048576K
}
Event: 3136.798 GC heap before
{Heap before GC invocations=51 (full 9):
 PSYoungGen      total 373248K, used 320777K [0x00000000e0000000, 0x00000000fd000000, 0x0000000100000000)
  eden space 305152K, 100% used [0x00000000e0000000,0x00000000f2a00000,0x00000000f2a00000)
  from space 68096K, 22% used [0x00000000f2a00000,0x00000000f3942588,0x00000000f6c80000)
  to   space 65024K, 0% used [0x00000000f9080000,0x00000000f9080000,0x00000000fd000000)
 ParOldGen       total 216064K, used 167682K [0x00000000a0000000, 0x00000000ad300000, 0x00000000e0000000)
  object space 216064K, 77% used [0x00000000a0000000,0x00000000aa3c0b08,0x00000000ad300000)
 Metaspace       used 76700K, capacity 79946K, committed 80768K, reserved 1120256K
  class space    used 9676K, capacity 10380K, committed 10624K, reserved 1048576K
Event: 3136.873 GC heap after
Heap after GC invocations=51 (full 9):
 PSYoungGen      total 410112K, used 34449K [0x00000000e0000000, 0x00000000fd180000, 0x0000000100000000)
  eden space 345088K, 0% used [0x00000000e0000000,0x00000000e0000000,0x00000000f5100000)
  from space 65024K, 52% used [0x00000000f9080000,0x00000000fb224690,0x00000000fd000000)
  to   space 65024K, 0% used [0x00000000f5100000,0x00000000f5100000,0x00000000f9080000)
 ParOldGen       total 216064K, used 179187K [0x00000000a0000000, 0x00000000ad300000, 0x00000000e0000000)
  object space 216064K, 82% used [0x00000000a0000000,0x00000000aaefcc68,0x00000000ad300000)
 Metaspace       used 76700K, capacity 79946K, committed 80768K, reserved 1120256K
  class space    used 9676K, capacity 10380K, committed 10624K, reserved 1048576K
}
Event: 3137.718 GC heap before
{Heap before GC invocations=52 (full 9):
 PSYoungGen      total 410112K, used 379537K [0x00000000e0000000, 0x00000000fd180000, 0x0000000100000000)
  eden space 345088K, 100% used [0x00000000e0000000,0x00000000f5100000,0x00000000f5100000)
  from space 65024K, 52% used [0x00000000f9080000,0x00000000fb224690,0x00000000fd000000)
  to   space 65024K, 0% used [0x00000000f5100000,0x00000000f5100000,0x00000000f9080000)
 ParOldGen       total 216064K, used 179187K [0x00000000a0000000, 0x00000000ad300000, 0x00000000e0000000)
  object space 216064K, 82% used [0x00000000a0000000,0x00000000aaefcc68,0x00000000ad300000)
 Metaspace       used 76713K, capacity 79946K, committed 80768K, reserved 1120256K
  class space    used 9676K, capacity 10380K, committed 10624K, reserved 1048576K
Event: 3137.819 GC heap after
Heap after GC invocations=52 (full 9):
 PSYoungGen      total 410112K, used 45669K [0x00000000e0000000, 0x0000000100000000, 0x0000000100000000)
  eden space 345088K, 0% used [0x00000000e0000000,0x00000000e0000000,0x00000000f5100000)
  from space 65024K, 70% used [0x00000000f5100000,0x00000000f7d99688,0x00000000f9080000)
  to   space 69120K, 0% used [0x00000000fbc80000,0x00000000fbc80000,0x0000000100000000)
 ParOldGen       total 216064K, used 204084K [0x00000000a0000000, 0x00000000ad300000, 0x00000000e0000000)
  object space 216064K, 94% used [0x00000000a0000000,0x00000000ac74d198,0x00000000ad300000)
 Metaspace       used 76713K, capacity 79946K, committed 80768K, reserved 1120256K
  class space    used 9676K, capacity 10380K, committed 10624K, reserved 1048576K
}
Event: 3137.819 GC heap before
{Heap before GC invocations=53 (full 10):
 PSYoungGen      total 410112K, used 45669K [0x00000000e0000000, 0x0000000100000000, 0x0000000100000000)
  eden space 345088K, 0% used [0x00000000e0000000,0x00000000e0000000,0x00000000f5100000)
  from space 65024K, 70% used [0x00000000f5100000,0x00000000f7d99688,0x00000000f9080000)
  to   space 69120K, 0% used [0x00000000fbc80000,0x00000000fbc80000,0x0000000100000000)
 ParOldGen       total 216064K, used 204084K [0x00000000a0000000, 0x00000000ad300000, 0x00000000e0000000)
  object space 216064K, 94% used [0x00000000a0000000,0x00000000ac74d198,0x00000000ad300000)
 Metaspace       used 76713K, capacity 79946K, committed 80768K, reserved 1120256K
  class space    used 9676K, capacity 10380K, committed 10624K, reserved 1048576K
Event: 3138.557 GC heap after
Heap after GC invocations=53 (full 10):
 PSYoungGen      total 410112K, used 0K [0x00000000e0000000, 0x0000000100000000, 0x0000000100000000)
  eden space 345088K, 0% used [0x00000000e0000000,0x00000000e0000000,0x00000000f5100000)
  from space 65024K, 0% used [0x00000000f5100000,0x00000000f5100000,0x00000000f9080000)
  to   space 69120K, 0% used [0x00000000fbc80000,0x00000000fbc80000,0x0000000100000000)
 ParOldGen       total 225792K, used 143625K [0x00000000a0000000, 0x00000000adc80000, 0x00000000e0000000)
  object space 225792K, 63% used [0x00000000a0000000,0x00000000a8c424e8,0x00000000adc80000)
 Metaspace       used 76713K, capacity 79946K, committed 80768K, reserved 1120256K
  class space    used 9676K, capacity 10380K, committed 10624K, reserved 1048576K
}

